[4/8/2022 - 23:53:9] - Arquivo de logs criado.
[4/8/2022 - 23:53:9] - 336636 caracteres encontrados no arquivo "texto.txt".
[4/8/2022 - 23:53:14] - Arquivo "texto-tratado.txt" tratado.
[4/8/2022 - 23:53:14] - 12193 caracteres especiais removidos.
[4/8/2022 - 23:53:14] - 12895 caracteres brancos removidos.
[4/8/2022 - 23:53:14] - Total de caracteres tratados inseridos no arquivo "texto-tratado.txt": 311548.
[4/8/2022 - 23:53:15] - Total de palavras encontradas no arquivo "texto-tratado.txt": 63070.
[4/8/2022 - 23:53:16] - "chapter" inserida na arvore AVL.
[4/8/2022 - 23:53:16] - "1" inserida na arvore AVL.
[4/8/2022 - 23:53:16] - "mr" inserida na arvore AVL.
[4/8/2022 - 23:53:16] - "sherlock" inserida na arvore AVL.
[4/8/2022 - 23:53:16] - "holmes" inserida na arvore AVL.
[4/8/2022 - 23:53:16] - "mr" inserida na arvore AVL.
[4/8/2022 - 23:53:16] - "sherlock" inserida na arvore AVL.
[4/8/2022 - 23:53:16] - "holmes" inserida na arvore AVL.
[4/8/2022 - 23:53:16] - "who" inserida na arvore AVL.
[4/8/2022 - 23:53:16] - "was" inserida na arvore AVL.
[4/8/2022 - 23:53:16] - "usually" inserida na arvore AVL.
[4/8/2022 - 23:53:16] - "very" inserida na arvore AVL.
[4/8/2022 - 23:53:16] - "late" inserida na arvore AVL.
[4/8/2022 - 23:53:16] - "in" inserida na arvore AVL.
[4/8/2022 - 23:53:16] - "the" inserida na arvore AVL.
[4/8/2022 - 23:53:16] - "mornings" inserida na arvore AVL.
[4/8/2022 - 23:53:16] - "save" inserida na arvore AVL.
[4/8/2022 - 23:53:16] - "upon" inserida na arvore AVL.
[4/8/2022 - 23:53:16] - "those" inserida na arvore AVL.
[4/8/2022 - 23:53:16] - "not" inserida na arvore AVL.
[4/8/2022 - 23:53:16] - "infrequent" inserida na arvore AVL.
[4/8/2022 - 23:53:16] - "occasions" inserida na arvore AVL.
[4/8/2022 - 23:53:16] - "when" inserida na arvore AVL.
[4/8/2022 - 23:53:16] - "he" inserida na arvore AVL.
[4/8/2022 - 23:53:16] - "was" inserida na arvore AVL.
[4/8/2022 - 23:53:16] - "up" inserida na arvore AVL.
[4/8/2022 - 23:53:16] - "all" inserida na arvore AVL.
[4/8/2022 - 23:53:16] - "night" inserida na arvore AVL.
[4/8/2022 - 23:53:16] - "was" inserida na arvore AVL.
[4/8/2022 - 23:53:16] - "seated" inserida na arvore AVL.
[4/8/2022 - 23:53:16] - "at" inserida na arvore AVL.
[4/8/2022 - 23:53:16] - "the" inserida na arvore AVL.
[4/8/2022 - 23:53:16] - "breakfast" inserida na arvore AVL.
[4/8/2022 - 23:53:16] - "table" inserida na arvore AVL.
[4/8/2022 - 23:53:16] - "i" inserida na arvore AVL.
[4/8/2022 - 23:53:16] - "stood" inserida na arvore AVL.
[4/8/2022 - 23:53:16] - "upon" inserida na arvore AVL.
[4/8/2022 - 23:53:16] - "the" inserida na arvore AVL.
[4/8/2022 - 23:53:16] - "hearth" inserida na arvore AVL.
[4/8/2022 - 23:53:16] - "rug" inserida na arvore AVL.
[4/8/2022 - 23:53:16] - "and" inserida na arvore AVL.
[4/8/2022 - 23:53:16] - "picked" inserida na arvore AVL.
[4/8/2022 - 23:53:16] - "up" inserida na arvore AVL.
[4/8/2022 - 23:53:16] - "the" inserida na arvore AVL.
[4/8/2022 - 23:53:16] - "stick" inserida na arvore AVL.
[4/8/2022 - 23:53:16] - "which" inserida na arvore AVL.
[4/8/2022 - 23:53:16] - "our" inserida na arvore AVL.
[4/8/2022 - 23:53:16] - "visitor" inserida na arvore AVL.
[4/8/2022 - 23:53:16] - "had" inserida na arvore AVL.
[4/8/2022 - 23:53:16] - "left" inserida na arvore AVL.
[4/8/2022 - 23:53:16] - "behind" inserida na arvore AVL.
[4/8/2022 - 23:53:16] - "him" inserida na arvore AVL.
[4/8/2022 - 23:53:16] - "the" inserida na arvore AVL.
[4/8/2022 - 23:53:16] - "night" inserida na arvore AVL.
[4/8/2022 - 23:53:16] - "before" inserida na arvore AVL.
[4/8/2022 - 23:53:16] - "it" inserida na arvore AVL.
[4/8/2022 - 23:53:16] - "was" inserida na arvore AVL.
[4/8/2022 - 23:53:16] - "a" inserida na arvore AVL.
[4/8/2022 - 23:53:16] - "fine" inserida na arvore AVL.
[4/8/2022 - 23:53:16] - "thick" inserida na arvore AVL.
[4/8/2022 - 23:53:16] - "piece" inserida na arvore AVL.
[4/8/2022 - 23:53:16] - "of" inserida na arvore AVL.
[4/8/2022 - 23:53:16] - "wood" inserida na arvore AVL.
[4/8/2022 - 23:53:16] - "bulbous" inserida na arvore AVL.
[4/8/2022 - 23:53:16] - "headed" inserida na arvore AVL.
[4/8/2022 - 23:53:16] - "of" inserida na arvore AVL.
[4/8/2022 - 23:53:16] - "the" inserida na arvore AVL.
[4/8/2022 - 23:53:16] - "sort" inserida na arvore AVL.
[4/8/2022 - 23:53:16] - "which" inserida na arvore AVL.
[4/8/2022 - 23:53:16] - "is" inserida na arvore AVL.
[4/8/2022 - 23:53:16] - "known" inserida na arvore AVL.
[4/8/2022 - 23:53:16] - "as" inserida na arvore AVL.
[4/8/2022 - 23:53:16] - "a" inserida na arvore AVL.
[4/8/2022 - 23:53:17] - "penang" inserida na arvore AVL.
[4/8/2022 - 23:53:17] - "lawyer" inserida na arvore AVL.
[4/8/2022 - 23:53:17] - "just" inserida na arvore AVL.
[4/8/2022 - 23:53:17] - "under" inserida na arvore AVL.
[4/8/2022 - 23:53:17] - "the" inserida na arvore AVL.
[4/8/2022 - 23:53:17] - "head" inserida na arvore AVL.
[4/8/2022 - 23:53:17] - "was" inserida na arvore AVL.
[4/8/2022 - 23:53:17] - "a" inserida na arvore AVL.
[4/8/2022 - 23:53:17] - "broad" inserida na arvore AVL.
[4/8/2022 - 23:53:17] - "silver" inserida na arvore AVL.
[4/8/2022 - 23:53:17] - "band" inserida na arvore AVL.
[4/8/2022 - 23:53:17] - "nearly" inserida na arvore AVL.
[4/8/2022 - 23:53:17] - "an" inserida na arvore AVL.
[4/8/2022 - 23:53:17] - "inch" inserida na arvore AVL.
[4/8/2022 - 23:53:17] - "across" inserida na arvore AVL.
[4/8/2022 - 23:53:17] - "to" inserida na arvore AVL.
[4/8/2022 - 23:53:17] - "james" inserida na arvore AVL.
[4/8/2022 - 23:53:17] - "mortimer" inserida na arvore AVL.
[4/8/2022 - 23:53:17] - "m" inserida na arvore AVL.
[4/8/2022 - 23:53:17] - "r" inserida na arvore AVL.
[4/8/2022 - 23:53:17] - "c" inserida na arvore AVL.
[4/8/2022 - 23:53:17] - "s" inserida na arvore AVL.
[4/8/2022 - 23:53:17] - "from" inserida na arvore AVL.
[4/8/2022 - 23:53:17] - "his" inserida na arvore AVL.
[4/8/2022 - 23:53:17] - "friends" inserida na arvore AVL.
[4/8/2022 - 23:53:17] - "of" inserida na arvore AVL.
[4/8/2022 - 23:53:17] - "the" inserida na arvore AVL.
[4/8/2022 - 23:53:17] - "c" inserida na arvore AVL.
[4/8/2022 - 23:53:17] - "c" inserida na arvore AVL.
[4/8/2022 - 23:53:17] - "h" inserida na arvore AVL.
[4/8/2022 - 23:53:17] - "was" inserida na arvore AVL.
[4/8/2022 - 23:53:17] - "engraved" inserida na arvore AVL.
[4/8/2022 - 23:53:17] - "upon" inserida na arvore AVL.
[4/8/2022 - 23:53:17] - "it" inserida na arvore AVL.
[4/8/2022 - 23:53:17] - "with" inserida na arvore AVL.
[4/8/2022 - 23:53:17] - "the" inserida na arvore AVL.
[4/8/2022 - 23:53:17] - "date" inserida na arvore AVL.
[4/8/2022 - 23:53:17] - "1884" inserida na arvore AVL.
[4/8/2022 - 23:53:17] - "it" inserida na arvore AVL.
[4/8/2022 - 23:53:17] - "was" inserida na arvore AVL.
[4/8/2022 - 23:53:17] - "just" inserida na arvore AVL.
[4/8/2022 - 23:53:17] - "such" inserida na arvore AVL.
[4/8/2022 - 23:53:17] - "a" inserida na arvore AVL.
[4/8/2022 - 23:53:17] - "stick" inserida na arvore AVL.
[4/8/2022 - 23:53:17] - "as" inserida na arvore AVL.
[4/8/2022 - 23:53:17] - "the" inserida na arvore AVL.
[4/8/2022 - 23:53:17] - "old" inserida na arvore AVL.
[4/8/2022 - 23:53:17] - "fashioned" inserida na arvore AVL.
[4/8/2022 - 23:53:17] - "family" inserida na arvore AVL.
[4/8/2022 - 23:53:17] - "practitioner" inserida na arvore AVL.
[4/8/2022 - 23:53:17] - "used" inserida na arvore AVL.
[4/8/2022 - 23:53:17] - "to" inserida na arvore AVL.
[4/8/2022 - 23:53:17] - "carry" inserida na arvore AVL.
[4/8/2022 - 23:53:17] - "dignified" inserida na arvore AVL.
[4/8/2022 - 23:53:17] - "solid" inserida na arvore AVL.
[4/8/2022 - 23:53:17] - "and" inserida na arvore AVL.
[4/8/2022 - 23:53:17] - "reassuring" inserida na arvore AVL.
[4/8/2022 - 23:53:17] - "well" inserida na arvore AVL.
[4/8/2022 - 23:53:17] - "watson" inserida na arvore AVL.
[4/8/2022 - 23:53:17] - "what" inserida na arvore AVL.
[4/8/2022 - 23:53:17] - "do" inserida na arvore AVL.
[4/8/2022 - 23:53:17] - "you" inserida na arvore AVL.
[4/8/2022 - 23:53:18] - "make" inserida na arvore AVL.
[4/8/2022 - 23:53:18] - "of" inserida na arvore AVL.
[4/8/2022 - 23:53:18] - "it" inserida na arvore AVL.
[4/8/2022 - 23:53:18] - "holmes" inserida na arvore AVL.
[4/8/2022 - 23:53:18] - "was" in